  
*** Using Compiler 'V5.06 update 6 (build 750)', folder: 'D:\keil5\ARM\ARMCC\Bin'
Rebuild target 'AD1292'
assembling startup_stm32f407xx.s...
compiling main.c...
../Src/main.c(112): warning:  #223-D: function "printf" declared implicitly
      printf("1292???????\r\n");
../Src/main.c(114): warning:  #223-D: function "printf" declared implicitly
    printf("???????\r\n");
../Src/main.c(148): error:  #167: argument of type "uint8_t (*)[60]" is incompatible with parameter of type "uint8_t *"
  							HAL_UART_Transmit_DMA(&huart1,&data_to_send,13);//??1DMA 
../Src/main.c(73): warning:  #177-D: variable "res"  was declared but never referenced
    uint8_t res,i,sum;	
../Src/main.c(75): warning:  #177-D: variable "usbstatus"  was declared but never referenced
  	uint8_t usbstatus=0;	
../Src/main.c(206): warning:  #167-D: argument of type "volatile u8 *" is incompatible with parameter of type "u8 *"
      ADS1292_Read_Data(ads1292_Cache);
../Src/main.c: 5 warnings, 1 error
compiling gpio.c...
compiling dma.c...
compiling tim.c...
compiling spi.c...
compiling usart.c...
compiling stm32f4xx_it.c...
compiling stm32f4xx_hal_msp.c...
compiling stm32f4xx_hal_spi.c...
compiling stm32f4xx_hal_rcc_ex.c...
compiling stm32f4xx_hal_flash.c...
compiling stm32f4xx_hal_rcc.c...
compiling stm32f4xx_hal_flash_ramfunc.c...
compiling stm32f4xx_hal_flash_ex.c...
compiling stm32f4xx_hal_gpio.c...
compiling stm32f4xx_hal_pwr.c...
compiling stm32f4xx_hal_dma.c...
compiling stm32f4xx_hal_dma_ex.c...
compiling stm32f4xx_hal_pwr_ex.c...
compiling stm32f4xx_hal_cortex.c...
compiling stm32f4xx_hal.c...
compiling stm32f4xx_hal_exti.c...
compiling stm32f4xx_hal_tim_ex.c...
compiling stm32f4xx_hal_tim.c...
compiling system_stm32f4xx.c...
compiling stm32f4xx_hal_uart.c...
compiling AD1292.c...
..\HARDWARE\AD1292.c(6): error:  #5: cannot open source input file "delay.h": No such file or directory
  #include "delay.h"
..\HARDWARE\AD1292.c: 0 warnings, 1 error
compiling delay.c...
compiling sys.c...
"AD1292\AD1292.axf" - 2 Error(s), 5 Warning(s).
Target not created.
Build Time Elapsed:  00:01:45
